<?xml version="1.0" encoding="UTF-8"?>
<!-- Generated by org.testng.reporters.JUnitReportReporter -->
<testsuite hostname="USER-20170725RR" name="com.Interface.InterfaceTest.NewTest" tests="1" failures="0" timestamp="8 Feb 2018 07:17:47 GMT" time="0.004" errors="0">
  <testcase name="case1" time="0.004" classname="com.Interface.InterfaceTest.NewTest"/>
</testsuite> <!-- com.Interface.InterfaceTest.NewTest -->
