<?xml version="1.0" encoding="UTF-8"?>
<!-- Generated by org.testng.reporters.JUnitReportReporter -->
<testsuite hostname="USER-20170725RR" name="com.Interface.InterfaceTest.NewTest1" tests="3" failures="0" timestamp="8 Feb 2018 09:07:44 GMT" time="2.607" errors="0">
  <testcase name="case1" time="0.881" classname="com.Interface.InterfaceTest.NewTest1"/>
  <testcase name="case1" time="0.867" classname="com.Interface.InterfaceTest.NewTest1"/>
  <testcase name="case1" time="0.859" classname="com.Interface.InterfaceTest.NewTest1"/>
</testsuite> <!-- com.Interface.InterfaceTest.NewTest1 -->
